<?xml version="1.0" encoding="UTF-8"?>
<!-- Generated by org.testng.reporters.JUnitXMLReporter -->
<testsuite ignored="0" hostname="DESKTOP-M0OO5DE" failures="0" tests="7" name="Default test" time="0.084" errors="0" timestamp="2022-10-15T18:52:08 IST">
  <testcase classname="allTestNg.Dp1" name="test" time="0.007"/>
  <testcase classname="allTestNg.Dp1" name="test" time="0.003"/>
  <testcase classname="allTestNg.Dp1" name="test" time="0.002"/>
  <testcase classname="allTestNg.Dp1" name="test" time="0.002"/>
  <testcase classname="allTestNg.Dp1" name="test" time="0.002"/>
  <testcase classname="allTestNg.Dp1" name="test" time="0.001"/>
  <testcase classname="allTestNg.Dp1" name="test" time="0.003"/>
</testsuite> <!-- Default test -->
