<?xml version="1.0" encoding="UTF-8"?>
<!-- Generated by org.testng.reporters.JUnitXMLReporter -->
<testsuite ignored="3" hostname="DESKTOP-M0OO5DE" failures="0" tests="0" time="0.013" errors="0" timestamp="2022-08-21T18:31:56 IST">
  <testcase classname="allTestNg.Ignore_test" name="test1" time="0.0">
    <ignored/>
  </testcase> <!-- test1 -->
  <testcase classname="allTestNg.Ignore_test" name="test3" time="0.0">
    <ignored/>
  </testcase> <!-- test3 -->
  <testcase classname="allTestNg.Ignore_test" name="test2" time="0.0">
    <ignored/>
  </testcase> <!-- test2 -->
</testsuite>
