<?xml version="1.0" encoding="UTF-8"?>
<!-- Generated by org.testng.reporters.JUnitXMLReporter -->
<testsuite ignored="1" hostname="DESKTOP-M0OO5DE" failures="1" tests="2" name="Test2" time="0.017" errors="0" timestamp="2022-09-19T23:49:23 IST">
  <testcase classname="allTestNg.OrganisationListenerTest" name="createOrgannisationTest" time="0.002"/>
  <testcase classname="allTestNg.OrganisationListenerTest" name="modifyOrganisationTest" time="0.002">
    <failure type="java.lang.AssertionError" message="expected [true] but found [false]">
      <![CDATA[java.lang.AssertionError: expected [true] but found [false]
at allTestNg.OrganisationListenerTest.modifyOrganisationTest(OrganisationListenerTest.java:21)
at java.base/java.util.ArrayList.forEach(ArrayList.java:1511)
... Removed 31 stack frames]]>
    </failure>
  </testcase> <!-- modifyOrganisationTest -->
  <testcase classname="allTestNg.OrganisationListenerTest" name="deleteOrganization" time="0.0">
    <ignored/>
  </testcase> <!-- deleteOrganization -->
</testsuite> <!-- Test2 -->
