<?xml version="1.0" encoding="UTF-8"?>
<testng-results ignored="0" total="7" passed="7" failed="0" skipped="0">
  <reporter-output>
  </reporter-output>
  <suite started-at="2022-10-15T18:52:08 IST" name="Default suite" finished-at="2022-10-15T18:52:08 IST" duration-ms="84">
    <groups>
    </groups>
    <test started-at="2022-10-15T18:52:08 IST" name="Default test" finished-at="2022-10-15T18:52:08 IST" duration-ms="84">
      <class name="allTestNg.Dp1">
        <test-method signature="test([Ljava.lang.Object;)[pri:0, instance:allTestNg.Dp1@4bb33f74]" started-at="2022-10-15T18:52:08 IST" name="test" data-provider="dp7" finished-at="2022-10-15T18:52:08 IST" duration-ms="7" status="PASS">
          <params>
            <param index="0">
              <value>
                <![CDATA[[Ljava.lang.Object;@183ec003]]>
              </value>
            </param>
          </params>
          <reporter-output>
          </reporter-output>
        </test-method> <!-- test -->
        <test-method signature="test([Ljava.lang.Object;)[pri:0, instance:allTestNg.Dp1@4bb33f74]" started-at="2022-10-15T18:52:08 IST" name="test" data-provider="dp7" finished-at="2022-10-15T18:52:08 IST" duration-ms="3" status="PASS">
          <params>
            <param index="0">
              <value>
                <![CDATA[[Ljava.lang.Object;@7d9d0818]]>
              </value>
            </param>
          </params>
          <reporter-output>
          </reporter-output>
        </test-method> <!-- test -->
        <test-method signature="test([Ljava.lang.Object;)[pri:0, instance:allTestNg.Dp1@4bb33f74]" started-at="2022-10-15T18:52:08 IST" name="test" data-provider="dp7" finished-at="2022-10-15T18:52:08 IST" duration-ms="2" status="PASS">
          <params>
            <param index="0">
              <value>
                <![CDATA[[Ljava.lang.Object;@221a3fa4]]>
              </value>
            </param>
          </params>
          <reporter-output>
          </reporter-output>
        </test-method> <!-- test -->
        <test-method signature="test(java.lang.Object)[pri:0, instance:allTestNg.Dp1@4bb33f74]" started-at="2022-10-15T18:52:08 IST" name="test" data-provider="dp1" finished-at="2022-10-15T18:52:08 IST" duration-ms="2" status="PASS">
          <params>
            <param index="0">
              <value>
                <![CDATA[abc]]>
              </value>
            </param>
          </params>
          <reporter-output>
          </reporter-output>
        </test-method> <!-- test -->
        <test-method signature="test(java.lang.Object)[pri:0, instance:allTestNg.Dp1@4bb33f74]" started-at="2022-10-15T18:52:08 IST" name="test" data-provider="dp1" finished-at="2022-10-15T18:52:08 IST" duration-ms="2" status="PASS">
          <params>
            <param index="0">
              <value>
                <![CDATA[xyz]]>
              </value>
            </param>
          </params>
          <reporter-output>
          </reporter-output>
        </test-method> <!-- test -->
        <test-method signature="test(java.lang.Object)[pri:0, instance:allTestNg.Dp1@4bb33f74]" started-at="2022-10-15T18:52:08 IST" name="test" data-provider="dp1" finished-at="2022-10-15T18:52:08 IST" duration-ms="1" status="PASS">
          <params>
            <param index="0">
              <value>
                <![CDATA[pqr]]>
              </value>
            </param>
          </params>
          <reporter-output>
          </reporter-output>
        </test-method> <!-- test -->
        <test-method signature="test(java.lang.Object)[pri:0, instance:allTestNg.Dp1@4bb33f74]" started-at="2022-10-15T18:52:08 IST" name="test" data-provider="dp1" finished-at="2022-10-15T18:52:08 IST" duration-ms="3" status="PASS">
          <params>
            <param index="0">
              <value>
                <![CDATA[123]]>
              </value>
            </param>
          </params>
          <reporter-output>
          </reporter-output>
        </test-method> <!-- test -->
      </class> <!-- allTestNg.Dp1 -->
    </test> <!-- Default test -->
  </suite> <!-- Default suite -->
</testng-results>
